{"/home/runner/work/MateriaList/MateriaList/src/lib/server/db.ts": {"path":"/home/runner/work/MateriaList/MateriaList/src/lib/server/db.ts","statementMap":{"0":{"start":{"line":9,"column":21},"end":{"line":9,"column":null}},"1":{"start":{"line":15,"column":20},"end":{"line":15,"column":null}},"2":{"start":{"line":17,"column":18},"end":{"line":17,"column":null}},"3":{"start":{"line":18,"column":17},"end":{"line":18,"column":null}},"4":{"start":{"line":19,"column":2},"end":{"line":19,"column":null}},"5":{"start":{"line":20,"column":2},"end":{"line":22,"column":null}},"6":{"start":{"line":21,"column":4},"end":{"line":21,"column":null}},"7":{"start":{"line":24,"column":2},"end":{"line":26,"column":null}},"8":{"start":{"line":25,"column":4},"end":{"line":25,"column":null}},"9":{"start":{"line":27,"column":2},"end":{"line":29,"column":null}},"10":{"start":{"line":28,"column":4},"end":{"line":28,"column":null}},"11":{"start":{"line":30,"column":2},"end":{"line":35,"column":null}},"12":{"start":{"line":39,"column":2},"end":{"line":39,"column":null}},"13":{"start":{"line":41,"column":2},"end":{"line":44,"column":null}},"14":{"start":{"line":42,"column":4},"end":{"line":42,"column":null}},"15":{"start":{"line":43,"column":4},"end":{"line":43,"column":null}},"16":{"start":{"line":46,"column":2},"end":{"line":53,"column":null}},"17":{"start":{"line":50,"column":4},"end":{"line":50,"column":null}},"18":{"start":{"line":51,"column":4},"end":{"line":51,"column":null}},"19":{"start":{"line":52,"column":4},"end":{"line":52,"column":null}},"20":{"start":{"line":55,"column":2},"end":{"line":55,"column":null}}},"fnMap":{"0":{"name":"getDatabase","decl":{"start":{"line":11,"column":16},"end":{"line":11,"column":null}},"loc":{"start":{"line":14,"column":2},"end":{"line":36,"column":null}},"line":14},"1":{"name":"startDatabase","decl":{"start":{"line":38,"column":16},"end":{"line":38,"column":30}},"loc":{"start":{"line":38,"column":74},"end":{"line":56,"column":null}},"line":38}},"branchMap":{"0":{"loc":{"start":{"line":18,"column":36},"end":{"line":18,"column":68}},"type":"binary-expr","locations":[{"start":{"line":18,"column":36},"end":{"line":18,"column":57}},{"start":{"line":18,"column":57},"end":{"line":18,"column":68}}],"line":18},"1":{"loc":{"start":{"line":20,"column":2},"end":{"line":22,"column":null}},"type":"if","locations":[{"start":{"line":20,"column":2},"end":{"line":22,"column":null}},{"start":{},"end":{}}],"line":20},"2":{"loc":{"start":{"line":24,"column":2},"end":{"line":26,"column":null}},"type":"if","locations":[{"start":{"line":24,"column":2},"end":{"line":26,"column":null}},{"start":{},"end":{}}],"line":24},"3":{"loc":{"start":{"line":27,"column":2},"end":{"line":29,"column":null}},"type":"if","locations":[{"start":{"line":27,"column":2},"end":{"line":29,"column":null}},{"start":{},"end":{}}],"line":27},"4":{"loc":{"start":{"line":27,"column":6},"end":{"line":27,"column":58}},"type":"binary-expr","locations":[{"start":{"line":27,"column":6},"end":{"line":27,"column":29}},{"start":{"line":27,"column":24},"end":{"line":27,"column":58}}],"line":27},"5":{"loc":{"start":{"line":32,"column":15},"end":{"line":32,"column":null}},"type":"cond-expr","locations":[{"start":{"line":32,"column":41},"end":{"line":32,"column":57}},{"start":{"line":32,"column":57},"end":{"line":32,"column":null}}],"line":32},"6":{"loc":{"start":{"line":41,"column":2},"end":{"line":44,"column":null}},"type":"if","locations":[{"start":{"line":41,"column":2},"end":{"line":44,"column":null}},{"start":{},"end":{}}],"line":41},"7":{"loc":{"start":{"line":46,"column":2},"end":{"line":53,"column":null}},"type":"if","locations":[{"start":{"line":46,"column":2},"end":{"line":53,"column":null}},{"start":{},"end":{}}],"line":46},"8":{"loc":{"start":{"line":47,"column":5},"end":{"line":48,"column":null}},"type":"binary-expr","locations":[{"start":{"line":47,"column":5},"end":{"line":47,"column":31}},{"start":{"line":47,"column":31},"end":{"line":47,"column":null}},{"start":{"line":48,"column":5},"end":{"line":48,"column":38}},{"start":{"line":48,"column":38},"end":{"line":48,"column":null}}],"line":47}},"s":{"0":1,"1":11,"2":11,"3":11,"4":11,"5":11,"6":1,"7":10,"8":9,"9":10,"10":9,"11":10,"12":10,"13":10,"14":9,"15":9,"16":9,"17":7,"18":7,"19":7,"20":9},"f":{"0":11,"1":10},"b":{"0":[11,1],"1":[1,10],"2":[9,1],"3":[9,1],"4":[10,1],"5":[2,8],"6":[9,1],"7":[7,2],"8":[9,7,3,1]},"meta":{"lastBranch":9,"lastFunction":2,"lastStatement":21,"seen":{"s:9:21:9:Infinity":0,"f:11:16:11:Infinity":0,"s:15:20:15:Infinity":1,"s:17:18:17:Infinity":2,"s:18:17:18:Infinity":3,"b:18:36:18:57:18:57:18:68":0,"s:19:2:19:Infinity":4,"b:20:2:22:Infinity:undefined:undefined:undefined:undefined":1,"s:20:2:22:Infinity":5,"s:21:4:21:Infinity":6,"b:24:2:26:Infinity:undefined:undefined:undefined:undefined":2,"s:24:2:26:Infinity":7,"s:25:4:25:Infinity":8,"b:27:2:29:Infinity:undefined:undefined:undefined:undefined":3,"s:27:2:29:Infinity":9,"b:27:6:27:29:27:24:27:58":4,"s:28:4:28:Infinity":10,"s:30:2:35:Infinity":11,"b:32:41:32:57:32:57:32:Infinity":5,"f:38:16:38:30":1,"s:39:2:39:Infinity":12,"b:41:2:44:Infinity:undefined:undefined:undefined:undefined":6,"s:41:2:44:Infinity":13,"s:42:4:42:Infinity":14,"s:43:4:43:Infinity":15,"b:46:2:53:Infinity:undefined:undefined:undefined:undefined":7,"s:46:2:53:Infinity":16,"b:47:5:47:31:47:31:47:Infinity:48:5:48:38:48:38:48:Infinity":8,"s:50:4:50:Infinity":17,"s:51:4:51:Infinity":18,"s:52:4:52:Infinity":19,"s:55:2:55:Infinity":20}}}
,"/home/runner/work/MateriaList/MateriaList/src/lib/server/init-db.ts": {"path":"/home/runner/work/MateriaList/MateriaList/src/lib/server/init-db.ts","statementMap":{"0":{"start":{"line":5,"column":18},"end":{"line":5,"column":null}},"1":{"start":{"line":7,"column":16},"end":{"line":7,"column":null}},"2":{"start":{"line":8,"column":17},"end":{"line":8,"column":null}},"3":{"start":{"line":9,"column":17},"end":{"line":9,"column":null}},"4":{"start":{"line":11,"column":17},"end":{"line":11,"column":null}},"5":{"start":{"line":17,"column":2},"end":{"line":19,"column":null}},"6":{"start":{"line":18,"column":4},"end":{"line":18,"column":null}},"7":{"start":{"line":20,"column":17},"end":{"line":20,"column":null}},"8":{"start":{"line":22,"column":2},"end":{"line":22,"column":null}},"9":{"start":{"line":24,"column":2},"end":{"line":24,"column":null}},"10":{"start":{"line":31,"column":17},"end":{"line":31,"column":null}},"11":{"start":{"line":33,"column":2},"end":{"line":33,"column":null}},"12":{"start":{"line":35,"column":2},"end":{"line":35,"column":null}}},"fnMap":{"0":{"name":"initDb","decl":{"start":{"line":16,"column":16},"end":{"line":16,"column":23}},"loc":{"start":{"line":16,"column":46},"end":{"line":25,"column":null}},"line":16},"1":{"name":"testDB","decl":{"start":{"line":30,"column":16},"end":{"line":30,"column":23}},"loc":{"start":{"line":30,"column":46},"end":{"line":36,"column":null}},"line":30}},"branchMap":{"0":{"loc":{"start":{"line":17,"column":2},"end":{"line":19,"column":null}},"type":"if","locations":[{"start":{"line":17,"column":2},"end":{"line":19,"column":null}},{"start":{},"end":{}}],"line":17}},"s":{"0":1,"1":1,"2":1,"3":1,"4":1,"5":9,"6":1,"7":8,"8":8,"9":8,"10":7,"11":7,"12":7},"f":{"0":9,"1":7},"b":{"0":[1,8]},"meta":{"lastBranch":1,"lastFunction":2,"lastStatement":13,"seen":{"s:5:18:5:Infinity":0,"s:7:16:7:Infinity":1,"s:8:17:8:Infinity":2,"s:9:17:9:Infinity":3,"s:11:17:11:Infinity":4,"f:16:16:16:23":0,"b:17:2:19:Infinity:undefined:undefined:undefined:undefined":0,"s:17:2:19:Infinity":5,"s:18:4:18:Infinity":6,"s:20:17:20:Infinity":7,"s:22:2:22:Infinity":8,"s:24:2:24:Infinity":9,"f:30:16:30:23":1,"s:31:17:31:Infinity":10,"s:33:2:33:Infinity":11,"s:35:2:35:Infinity":12}}}
}
